<?xml version="1.0" encoding="UTF-8"?>
<!-- Generated by org.testng.reporters.JUnitReportReporter -->
<testsuite hostname="LAPTOP-NF596SVF" failures="0" tests="3" name="quickacademy.MavenFirstProject.AppiumTest" time="0.002" errors="0" timestamp="2021-04-13T15:07:20 IST" skipped="0">
  <testcase classname="quickacademy.MavenFirstProject.AppiumTest" name="AppiumSecond" time="0.001"/>
  <system-out/>
  <testcase classname="quickacademy.MavenFirstProject.AppiumTest" name="AppiumThird" time="0.000"/>
  <system-out/>
  <testcase classname="quickacademy.MavenFirstProject.AppiumTest" name="AppiumFirst" time="0.001"/>
  <system-out/>
</testsuite> <!-- quickacademy.MavenFirstProject.AppiumTest -->
