<?xml version="1.0" encoding="UTF-8"?>
<!-- Generated by org.testng.reporters.JUnitReportReporter -->
<testsuite hostname="LAPTOP-NF596SVF" failures="0" tests="2" name="quickacademy.MavenFirstProject.RestAPITest" time="0.002" errors="0" timestamp="2021-04-13T15:09:35 IST" skipped="0">
  <testcase classname="quickacademy.MavenFirstProject.RestAPITest" name="RestAPIFirst" time="0.002"/>
  <system-out/>
  <testcase classname="quickacademy.MavenFirstProject.RestAPITest" name="RestAPISecond" time="0.000"/>
  <system-out/>
</testsuite> <!-- quickacademy.MavenFirstProject.RestAPITest -->
