<?xml version="1.0" encoding="UTF-8"?>
<!-- Generated by org.testng.reporters.JUnitReportReporter -->
<testsuite hostname="LAPTOP-NF596SVF" failures="0" tests="2" name="quickacademy.MavenFirstProject.SeleniumTest" time="0.008" errors="0" timestamp="2021-04-13T15:09:35 IST" skipped="0">
  <testcase classname="quickacademy.MavenFirstProject.SeleniumTest" name="SeleniumSecond" time="0.001"/>
  <system-out/>
  <testcase classname="quickacademy.MavenFirstProject.SeleniumTest" name="SeleniumFirst" time="0.007"/>
  <system-out/>
</testsuite> <!-- quickacademy.MavenFirstProject.SeleniumTest -->
